common/build/intermediates/manifest_merge_blame_file/debug/processDebugManifest/manifest-merger-blame-debug-report.txt
1<?xml version="1.0" encoding="utf-8"?>
2<manifest xmlns:android="http://schemas.android.com/apk/res/android"
3    package="dev.lucasnlm.antimine.common" >
4
5    <uses-sdk android:minSdkVersion="21" />
6
7    <uses-permission android:name="android.permission.VIBRATE" />
7-->src\main\AndroidManifest.xml:3:5-66
7-->src\main\AndroidManifest.xml:3:22-63
8
9    <application android:supportsRtl="true" />
9-->src\main\AndroidManifest.xml:4:5-47
9-->src\main\AndroidManifest.xml:4:18-44
10
11</manifest>